<?xml version="1.0" encoding="UTF-8"?>
<!-- Generated by org.testng.reporters.JUnitXMLReporter -->
<testsuite hostname="LL-KBAKSHI-1036" name="Testing" tests="1" failures="0" timestamp="11 Aug 2016 00:31:52 GMT" time="0.067" errors="0">
  <testcase name="@BeforeTest setup" time="0.0" classname="Testing.Guru99CrossBrowserScript">
    <failure type="org.testng.TestNGException" message="
Parameter &amp;apos;browser&amp;apos; is required by @Configuration on method setup but has not been marked @Optional or defined
in C:\Users\kbakshi\AppData\Local\Temp\testng-eclipse-1679427486\testng-customsuite.xml">
      <![CDATA[org.testng.TestNGException: 
Parameter 'browser' is required by @Configuration on method setup but has not been marked @Optional or defined
in C:\Users\kbakshi\AppData\Local\Temp\testng-eclipse-1679427486\testng-customsuite.xml
... Removed 20 stack frames]]>
    </failure>
  </testcase> <!-- @BeforeTest setup -->
  <testcase name="testParameterWithXML" time="0.011" classname="Testing.Guru99CrossBrowserScript">
    <skipped/>
  </testcase> <!-- testParameterWithXML -->
</testsuite> <!-- Testing -->
