<?xml version="1.0" encoding="UTF-8"?>
<!-- Generated by org.testng.reporters.JUnitXMLReporter -->
<testsuite hostname="LL-KBAKSHI-1036" name="IETest" tests="1" failures="0" timestamp="11 Aug 2016 00:53:12 GMT" time="0.012" errors="0">
  <testcase name="@BeforeTest setup" time="0.0" classname="Testing.Guru99CrossBrowserScript">
    <failure type="java.lang.NullPointerException">
      <![CDATA[java.lang.NullPointerException
	at Testing.Guru99CrossBrowserScript.setup(Guru99CrossBrowserScript.java:91)
	at java.util.concurrent.FutureTask.run(Unknown Source)
	at java.util.concurrent.ThreadPoolExecutor.runWorker(Unknown Source)
	at java.util.concurrent.ThreadPoolExecutor$Worker.run(Unknown Source)
	at java.lang.Thread.run(Unknown Source)
... Removed 14 stack frames]]>
    </failure>
  </testcase> <!-- @BeforeTest setup -->
  <testcase name="testParameterWithXML" time="0.002" classname="Testing.Guru99CrossBrowserScript">
    <skipped/>
  </testcase> <!-- testParameterWithXML -->
</testsuite> <!-- IETest -->
